<?xml version="1.0" encoding="UTF-8"?>
<beans xmlns="http://www.springframework.org/schema/beans"
	xmlns:xsi="http://www.w3.org/2001/XMLSchema-instance"
	xmlns:context="http://www.springframework.org/schema/context"
	xmlns:util="http://www.springframework.org/schema/util"
	xsi:schemaLocation="http://www.springframework.org/schema/beans http://www.springframework.org/schema/beans/spring-beans-4.0.xsd
		http://www.springframework.org/schema/context http://www.springframework.org/schema/context/spring-context-4.0.xsd
		http://www.springframework.org/schema/util http://www.springframework.org/schema/util/spring-util-4.0.xsd">
		
	<context:annotation-config/>
	
	<!-- IMPORTS -->
	<import resource="test-dozer-config.xml"/>
	
	<context:property-placeholder location="classpath:configuration.properties"/>
		
	<bean id="authorManager" class="be.seriousbusiness.brusselnieuws.rss.model.impl.ManagerImpl" scope="singleton"/>
	
	<bean id="categoryManager" class="be.seriousbusiness.brusselnieuws.rss.model.impl.ManagerImpl" scope="singleton"/>
	
	<bean id="mainAdaptableFeed" class="be.seriousbusiness.brusselnieuws.rss.model.adaptable.impl.AdaptableFeedImpl" scope="singleton">
		<constructor-arg index="0" value="Main feed"/>
	</bean>
		
	<!-- RSS Reader -->
	
	<bean id="RssReader" class="be.seriousbusiness.brusselnieuws.rss.reader.impl.BrusselNieuwsRssReader">
		<constructor-arg index="0">
			<bean id="url" class="java.net.URL">
				<constructor-arg value="${rss.news.main}"/>
			</bean>
		</constructor-arg>
		<property name="authorManager" ref="authorManager"/>
		<property name="categoryManager" ref="categoryManager"/>
		<property name="mainAdaptableFeed" ref="mainAdaptableFeed"/>
	</bean>
	
	<!-- NEWS -->
	
	<bean id="newsMainRssReader" parent="RssReader">
		<constructor-arg index="0">
			<bean id="url" class="java.net.URL">
				<constructor-arg value="${rss.news.main}"/>
			</bean>
		</constructor-arg>
	</bean>
	
	<bean id="newsSurveyRssReader" parent="RssReader">
		<constructor-arg index="0">
			<bean id="url" class="java.net.URL">
				<constructor-arg value="${rss.news.survey}"/>
			</bean>
		</constructor-arg>
	</bean>
	
	<bean id="newsSocietyRssReader" parent="RssReader">
		<constructor-arg index="0">
			<bean id="url" class="java.net.URL">
				<constructor-arg value="${rss.news.society}"/>
			</bean>
		</constructor-arg>
	</bean>
	
	<bean id="newsCityRssReader" parent="RssReader">
		<constructor-arg index="0">
			<bean id="url" class="java.net.URL">
				<constructor-arg value="${rss.news.city}"/>
			</bean>
		</constructor-arg>
	</bean>
	
	<bean id="newsPoliticsRssReader" parent="RssReader">
		<constructor-arg index="0">
			<bean id="url" class="java.net.URL">
				<constructor-arg value="${rss.news.politics}"/>
			</bean>
		</constructor-arg>
	</bean>
	
	<bean id="newsPeopleRssReader" parent="RssReader">
		<constructor-arg index="0">
			<bean id="url" class="java.net.URL">
				<constructor-arg value="${rss.news.people}"/>
			</bean>
		</constructor-arg>
	</bean>
	
	<bean id="newsEconomyRssReader" parent="RssReader">
		<constructor-arg index="0">
			<bean id="url" class="java.net.URL">
				<constructor-arg value="${rss.news.economy}"/>
			</bean>
		</constructor-arg>
	</bean>
	
	<bean id="newsSportRssReader" parent="RssReader">
		<constructor-arg index="0">
			<bean id="url" class="java.net.URL">
				<constructor-arg value="${rss.news.sport}"/>
			</bean>
		</constructor-arg>
	</bean>
	
	<bean id="newsAwelMerciRssReader" parent="RssReader">
		<constructor-arg index="0">
			<bean id="url" class="java.net.URL">
				<constructor-arg value="${rss.news.awel_merci}"/>
			</bean>
		</constructor-arg>
	</bean>
	
	<bean id="newsChildrenRssReader" parent="RssReader">
		<constructor-arg index="0">
			<bean id="url" class="java.net.URL">
				<constructor-arg value="${rss.news.children}"/>
			</bean>
		</constructor-arg>
	</bean>
	
	<!-- CULTURE -->
	
	<bean id="cultureSurveyRssReader" parent="RssReader">
		<constructor-arg index="0">
			<bean id="url" class="java.net.URL">
				<constructor-arg value="${rss.culture.survey}"/>
			</bean>
		</constructor-arg>
	</bean>
	
	<bean id="cultureGeneralRssReader" parent="RssReader">
		<constructor-arg index="0">
			<bean id="url" class="java.net.URL">
				<constructor-arg value="${rss.culture.general}"/>
			</bean>
		</constructor-arg>
	</bean>
	
	<bean id="cultureExpoRssReader" parent="RssReader">
		<constructor-arg index="0">
			<bean id="url" class="java.net.URL">
				<constructor-arg value="${rss.culture.expo}"/>
			</bean>
		</constructor-arg>
	</bean>
	
	<bean id="cultureMusicRssReader" parent="RssReader">
		<constructor-arg index="0">
			<bean id="url" class="java.net.URL">
				<constructor-arg value="${rss.culture.music}"/>
			</bean>
		</constructor-arg>
	</bean>
	
	<bean id="cultureFilmRssReader" parent="RssReader">
		<constructor-arg index="0">
			<bean id="url" class="java.net.URL">
				<constructor-arg value="${rss.culture.film}"/>
			</bean>
		</constructor-arg>
	</bean>
	
	<bean id="cultureStageRssReader" parent="RssReader">
		<constructor-arg index="0">
			<bean id="url" class="java.net.URL">
				<constructor-arg value="${rss.culture.stage}"/>
			</bean>
		</constructor-arg>
	</bean>
	
	<bean id="cultureEventRssReader" parent="RssReader">
		<constructor-arg index="0">
			<bean id="url" class="java.net.URL">
				<constructor-arg value="${rss.culture.event}"/>
			</bean>
		</constructor-arg>
	</bean>
	
	<bean id="cultureShoppingRssReader" parent="RssReader">
		<constructor-arg index="0">
			<bean id="url" class="java.net.URL">
				<constructor-arg value="${rss.culture.shopping}"/>
			</bean>
		</constructor-arg>
	</bean>
	
	<bean id="cultureChildrenRssReader" parent="RssReader">
		<constructor-arg index="0">
			<bean id="url" class="java.net.URL">
				<constructor-arg value="${rss.culture.children}"/>
			</bean>
		</constructor-arg>
	</bean>
	
	<!-- FOOD and DRINKS -->
	
	<bean id="foodAndDrinksSurveyRssReader" parent="RssReader">
		<constructor-arg index="0">
			<bean id="url" class="java.net.URL">
				<constructor-arg value="${rss.food_and_drinks.survey}"/>
			</bean>
		</constructor-arg>
	</bean>
	
	<bean id="foodAndDrinksGeneralRssReader" parent="RssReader">
		<constructor-arg index="0">
			<bean id="url" class="java.net.URL">
				<constructor-arg value="${rss.food_and_drinks.general}"/>
			</bean>
		</constructor-arg>
	</bean>
	
	<bean id="foodAndDrinksCulinaryRssReader" parent="RssReader">
		<constructor-arg index="0">
			<bean id="url" class="java.net.URL">
				<constructor-arg value="${rss.food_and_drinks.culinary}"/>
			</bean>
		</constructor-arg>
	</bean>
	
	<bean id="foodAndDrinksBarsRssReader" parent="RssReader">
		<constructor-arg index="0">
			<bean id="url" class="java.net.URL">
				<constructor-arg value="${rss.food_and_drinks.bars}"/>
			</bean>
		</constructor-arg>
	</bean>
	
	<bean id="foodAndDrinksRestaurantsRssReader" parent="RssReader">
		<constructor-arg index="0">
			<bean id="url" class="java.net.URL">
				<constructor-arg value="${rss.food_and_drinks.restaurants}"/>
			</bean>
		</constructor-arg>
	</bean>
	
	<!-- Opinion -->
	
	<bean id="opinionSurveyRssReader" parent="RssReader">
		<constructor-arg index="0">
			<bean id="url" class="java.net.URL">
				<constructor-arg value="${rss.opinion.survey}"/>
			</bean>
		</constructor-arg>
	</bean>
	
	<!-- MUNICIPALITIES -->
	
	<bean id="municipalityAnderlechtRssReader" parent="RssReader">
		<constructor-arg index="0">
			<bean id="url" class="java.net.URL">
				<constructor-arg value="${rss.municipality.anderlecht}"/>
			</bean>
		</constructor-arg>
	</bean>
	
	<bean id="municipalityBrusselRssReader" parent="RssReader">
		<constructor-arg index="0">
			<bean id="url" class="java.net.URL">
				<constructor-arg value="${rss.municipality.brussel}"/>
			</bean>
		</constructor-arg>
	</bean>
	
	<bean id="municipalityElseneRssReader" parent="RssReader">
		<constructor-arg index="0">
			<bean id="url" class="java.net.URL">
				<constructor-arg value="${rss.municipality.elsene}"/>
			</bean>
		</constructor-arg>
	</bean>
	
	<bean id="municipalityEtterbeekRssReader" parent="RssReader">
		<constructor-arg index="0">
			<bean id="url" class="java.net.URL">
				<constructor-arg value="${rss.municipality.etterbeek}"/>
			</bean>
		</constructor-arg>
	</bean>
	
	<bean id="municipalityEvereRssReader" parent="RssReader">
		<constructor-arg index="0">
			<bean id="url" class="java.net.URL">
				<constructor-arg value="${rss.municipality.evere}"/>
			</bean>
		</constructor-arg>
	</bean>
	
	<bean id="municipalityGanshorenRssReader" parent="RssReader">
		<constructor-arg index="0">
			<bean id="url" class="java.net.URL">
				<constructor-arg value="${rss.municipality.ganshoren}"/>
			</bean>
		</constructor-arg>
	</bean>
	
	<bean id="municipalityHarenRssReader" parent="RssReader">
		<constructor-arg index="0">
			<bean id="url" class="java.net.URL">
				<constructor-arg value="${rss.municipality.haren}"/>
			</bean>
		</constructor-arg>
	</bean>
	
	<bean id="municipalityJetteRssReader" parent="RssReader">
		<constructor-arg index="0">
			<bean id="url" class="java.net.URL">
				<constructor-arg value="${rss.municipality.jette}"/>
			</bean>
		</constructor-arg>
	</bean>
	
	<bean id="municipalityKoekelbergRssReader" parent="RssReader">
		<constructor-arg index="0">
			<bean id="url" class="java.net.URL">
				<constructor-arg value="${rss.municipality.koekelberg}"/>
			</bean>
		</constructor-arg>
	</bean>
	
	<bean id="municipalityLakenRssReader" parent="RssReader">
		<constructor-arg index="0">
			<bean id="url" class="java.net.URL">
				<constructor-arg value="${rss.municipality.laken}"/>
			</bean>
		</constructor-arg>
	</bean>
	
	<bean id="municipalityNederOverHeembeekRssReader" parent="RssReader">
		<constructor-arg index="0">
			<bean id="url" class="java.net.URL">
				<constructor-arg value="${rss.municipality.neder-over-heembeek}"/>
			</bean>
		</constructor-arg>
	</bean>
	
	<bean id="municipalityOudergemRssReader" parent="RssReader">
		<constructor-arg index="0">
			<bean id="url" class="java.net.URL">
				<constructor-arg value="${rss.municipality.oudergem}"/>
			</bean>
		</constructor-arg>
	</bean>
	
	<bean id="municipalitySchaarbeekRssReader" parent="RssReader">
		<constructor-arg index="0">
			<bean id="url" class="java.net.URL">
				<constructor-arg value="${rss.municipality.schaarbeek}"/>
			</bean>
		</constructor-arg>
	</bean>
	
	<bean id="municipalitySintAgathaBerchemRssReader" parent="RssReader">
		<constructor-arg index="0">
			<bean id="url" class="java.net.URL">
				<constructor-arg value="${rss.municipality.sint-agatha-berchem}"/>
			</bean>
		</constructor-arg>
	</bean>
	
	<bean id="municipalitySintGillisRssReader" parent="RssReader">
		<constructor-arg index="0">
			<bean id="url" class="java.net.URL">
				<constructor-arg value="${rss.municipality.sint-gillis}"/>
			</bean>
		</constructor-arg>
	</bean>
	
	<bean id="municipalitySintJansMolenbeekRssReader" parent="RssReader">
		<constructor-arg index="0">
			<bean id="url" class="java.net.URL">
				<constructor-arg value="${rss.municipality.sint-jans-molenbeek}"/>
			</bean>
		</constructor-arg>
	</bean>
	
	<bean id="municipalitySintJoostTenNodeRssReader" parent="RssReader">
		<constructor-arg index="0">
			<bean id="url" class="java.net.URL">
				<constructor-arg value="${rss.municipality.sint-joost-ten-node}"/>
			</bean>
		</constructor-arg>
	</bean>
	
	<bean id="municipalitySintLambrechtsWoluweRssReader" parent="RssReader">
		<constructor-arg index="0">
			<bean id="url" class="java.net.URL">
				<constructor-arg value="${rss.municipality.sint-lambrechts-woluwe}"/>
			</bean>
		</constructor-arg>
	</bean>
	
	<bean id="municipalitySintPietersWoluweRssReader" parent="RssReader">
		<constructor-arg index="0">
			<bean id="url" class="java.net.URL">
				<constructor-arg value="${rss.municipality.sint-pieters-woluwe}"/>
			</bean>
		</constructor-arg>
	</bean>
	
	<bean id="municipalityUkkelRssReader" parent="RssReader">
		<constructor-arg index="0">
			<bean id="url" class="java.net.URL">
				<constructor-arg value="${rss.municipality.ukkel}"/>
			</bean>
		</constructor-arg>
	</bean>
	
	<bean id="municipalityVorstRssReader" parent="RssReader">
		<constructor-arg index="0">
			<bean id="url" class="java.net.URL">
				<constructor-arg value="${rss.municipality.vorst}"/>
			</bean>
		</constructor-arg>
	</bean>
	
	<bean id="municipalityWatermaalBosvoordeRssReader" parent="RssReader">
		<constructor-arg index="0">
			<bean id="url" class="java.net.URL">
				<constructor-arg value="${rss.municipality.watermaal-bosvoorde}"/>
			</bean>
		</constructor-arg>
	</bean>
	
	
	
	<util:map id="municipalitiesReadersMap" 
	key-type="be.seriousbusiness.brusselnieuws.rss.model.Municipality" 
	value-type="be.seriousbusiness.brusselnieuws.rss.reader.RssReader" 
	map-class="java.util.HashMap">
		<entry key="ANDERLECHT" value-ref="municipalityAnderlechtRssReader" />
	    <entry key="ANDERLECHT" value-ref="municipalityAnderlechtRssReader" />
		<entry key="BRUSSEL_STAD" value-ref="municipalityBrusselRssReader" />
		<entry key="ELSENE" value-ref="municipalityElseneRssReader" />
		<entry key="ETTERBEEK" value-ref="municipalityEtterbeekRssReader" />
		<entry key="EVERE" value-ref="municipalityEvereRssReader" />
		<entry key="GANSHOREN" value-ref="municipalityGanshorenRssReader" />
		<entry key="HAREN" value-ref="municipalityHarenRssReader" />
		<entry key="JETTE" value-ref="municipalityJetteRssReader" />
		<entry key="KOEKELBERG" value-ref="municipalityKoekelbergRssReader" />
		<entry key="LAKEN" value-ref="municipalityLakenRssReader" />
		<entry key="NEDER_OVER_HEEMBEEK" value-ref="municipalityNederOverHeembeekRssReader" />
		<entry key="OUDERGEM" value-ref="municipalityOudergemRssReader" />
		<entry key="SCHAARBEEK" value-ref="municipalitySchaarbeekRssReader" />
		<entry key="SINT_AGATHA_BERCHEM" value-ref="municipalitySintAgathaBerchemRssReader" />
		<entry key="SINT_GILLIS" value-ref="municipalitySintGillisRssReader" />
		<entry key="SING_JANS_MOLENBEEK" value-ref="municipalitySintJansMolenbeekRssReader" />
		<entry key="SINT_JOOST_TEN_NODE" value-ref="municipalitySintJoostTenNodeRssReader" />
		<entry key="SINT_LAMBRECHTS_WOLUWE" value-ref="municipalitySintLambrechtsWoluweRssReader" />
		<entry key="SINT_PIETERS_WOLUWE" value-ref="municipalitySintPietersWoluweRssReader" />
		<entry key="UKKEL" value-ref="municipalityUkkelRssReader" />
		<entry key="VORST" value-ref="municipalityVorstRssReader" />
		<entry key="WATERMAAL_BOSVOORDE" value-ref="municipalityWatermaalBosvoordeRssReader" />
	</util:map>
	
	<bean id="brusselNieuws" class="be.seriousbusiness.brusselnieuws.rss.BrusselNieuws">
		<property name="municipalitiesReaders" ref="municipalitiesReadersMap" />
	</bean>	

</beans>
