<?xml version="1.0" encoding="UTF-8"?>
<mappings xmlns="http://dozer.sourceforge.net"
          xmlns:xsi="http://www.w3.org/2001/XMLSchema-instance"
          xsi:schemaLocation="http://dozer.sourceforge.net
          http://dozer.sourceforge.net/schema/beanmapping.xsd">
          
    <!-- Custom Converters -->
	<configuration>
	    <custom-converters>
	        <converter type="be.seriousbusiness.brusselnieuws.rss.datasource.dto.dozer.MediumTypeDTOToMediumTypeConverter">
	            <class-a>be.seriousbusiness.brusselnieuws.rss.datasource.dto.MediumTypeDTO</class-a>
	            <class-b>be.seriousbusiness.brusselnieuws.rss.model.MediumType</class-b>
	        </converter>
	        <converter type="be.seriousbusiness.brusselnieuws.rss.datasource.dto.dozer.LongToDateTimeConverter">
	        	<class-a>java.lang.Long</class-a>
	            <class-b>org.joda.time.DateTime</class-b>
	        </converter>
	        <!-- 
	        <converter type="be.seriousbusiness.brusselnieuws.rss.datasource.dto.dozer.CategoryDTOToAdaptableCategoryConverter">
	        	<class-a>be.seriousbusiness.brusselnieuws.rss.datasource.dto.CategoryDTO</class-a>
	        	<class-b>be.seriousbusiness.brusselnieuws.rss.model.adaptable.AdaptableCategory</class-b>
	        </converter>
	        -->
	    </custom-converters>
	</configuration>
          
   	<!-- CategoryDTO to AdaptableCategory -->
	<mapping> 
		<class-a>be.seriousbusiness.brusselnieuws.rss.datasource.dto.CategoryDTO</class-a>
		<class-b>be.seriousbusiness.brusselnieuws.rss.model.adaptable.AdaptableCategory</class-b> 
	</mapping>  
	
	<!-- AuthorDTO to AdaptableAuthor -->
	<mapping>
		<class-a>be.seriousbusiness.brusselnieuws.rss.datasource.dto.AuthorDTO</class-a>
		<class-b>be.seriousbusiness.brusselnieuws.rss.model.adaptable.AdaptableAuthor</class-b>
	</mapping>
	
	<!-- MediumDTO to AdaptablMedium -->
	<mapping>
	  	<class-a>be.seriousbusiness.brusselnieuws.rss.datasource.dto.MediumDTO</class-a>
	  	<class-b>be.seriousbusiness.brusselnieuws.rss.model.adaptable.AdaptableMedium</class-b>
	  	<!-- Mapping of MediumTypeDTO to MediumType -->
		 <field>
			<a>mediumTypeDTO</a> 
			<b>type</b>
		</field>
	</mapping>
	
	<!-- ArticleDTO to AdaptablArticle -->
	<mapping>
	  	<class-a>be.seriousbusiness.brusselnieuws.rss.datasource.dto.ArticleDTO</class-a>
	  	<class-b>be.seriousbusiness.brusselnieuws.rss.model.adaptable.AdaptableArticle</class-b>
	  	<field relationship-type="non-cumulative">
	  		<a>categoryDTOs</a>
	  		<b>categories</b>
	  		<a-hint>be.seriousbusiness.brusselnieuws.rss.datasource.dto.CategoryDTO</a-hint>
	  		<b-hint>be.seriousbusiness.brusselnieuws.rss.model.adaptable.AdaptableCategory</b-hint>
	  	</field>
	  	<field relationship-type="non-cumulative">
	  		<a>authorDTOs</a>
	  		<b>authors</b>
	  		<a-hint>be.seriousbusiness.brusselnieuws.rss.datasource.dto.AuthorDTO</a-hint>
	  		<b-hint>be.seriousbusiness.brusselnieuws.rss.model.adaptable.AdaptableAuthor</b-hint>
	  	</field>
	  	<field relationship-type="non-cumulative">
	  		<a>mediumDTOs</a>
	  		<b>media</b>
	  		<a-hint>be.seriousbusiness.brusselnieuws.rss.datasource.dto.MediumDTO</a-hint>
	  		<b-hint>be.seriousbusiness.brusselnieuws.rss.model.adaptable.AdaptableMedium</b-hint>
	  	</field>
	</mapping>
</mappings>