<?xml version="1.0" encoding="UTF-8"?>
<beans xmlns="http://www.springframework.org/schema/beans"
	xmlns:xsi="http://www.w3.org/2001/XMLSchema-instance"
	xmlns:mongo="http://www.springframework.org/schema/data/mongo"
	xmlns:context="http://www.springframework.org/schema/context"
	xmlns:task="http://www.springframework.org/schema/task"
	xsi:schemaLocation="http://www.springframework.org/schema/task http://www.springframework.org/schema/task/spring-task-4.1.xsd
		http://www.springframework.org/schema/beans http://www.springframework.org/schema/beans/spring-beans.xsd
		http://www.springframework.org/schema/context http://www.springframework.org/schema/context/spring-context-3.2.xsd
		http://www.springframework.org/schema/data/mongo http://www.springframework.org/schema/data/mongo/spring-mongo-1.5.xsd">
	
	<import resource="classpath:config/test-brusselnieuws-rss-reader-config.xml"/>
	<import resource="classpath:config/test-brusselnieuws-rss-webservice-dozer-config.xml"/>

	<bean id="feedRestControllerImpl" class="be.seriousbusiness.brusselnieuws.rss.webservice.controller.FeedRestControllerImpl">
		<property name="brusselNieuwsRss" ref="brusselNieuwsRssImpl"/>
	</bean>
	
	<!-- Scheduler configuration: -->
	
	<task:executor id="executor" pool-size="5" keep-alive="120"/>
	<task:scheduler id="scheduler" pool-size="10"/>
	
	<task:annotation-driven executor="executor" scheduler="scheduler"/>
	
</beans>
