<?xml version="1.0" encoding="UTF-8"?>
<beans xmlns="http://www.springframework.org/schema/beans"
	xmlns:xsi="http://www.w3.org/2001/XMLSchema-instance"
	xmlns:mongo="http://www.springframework.org/schema/data/mongo"
	xmlns:context="http://www.springframework.org/schema/context"
	xsi:schemaLocation="http://www.springframework.org/schema/beans http://www.springframework.org/schema/beans/spring-beans.xsd
		http://www.springframework.org/schema/context http://www.springframework.org/schema/context/spring-context-3.2.xsd
		http://www.springframework.org/schema/data/mongo http://www.springframework.org/schema/data/mongo/spring-mongo-1.5.xsd">
	
	<import resource="classpath:config/test-brusselnieuws-rss-reader-config.xml"/>
	<import resource="classpath:config/test-brusselnieuws-rss-webservice-dozer-config.xml"/>

	<bean id="feedRestControllerImpl" class="be.seriousbusiness.brusselnieuws.rss.webservice.controller.FeedRestControllerImpl">
		<property name="brusselNieuwsRss" ref="brusselNieuwsRss"/>
	</bean>
	
</beans>
