<?xml version="1.0" encoding="UTF-8"?>
<beans xmlns="http://www.springframework.org/schema/beans"
	xmlns:xsi="http://www.w3.org/2001/XMLSchema-instance"
	xmlns:context="http://www.springframework.org/schema/context"
	xmlns:util="http://www.springframework.org/schema/util"
	xsi:schemaLocation="http://www.springframework.org/schema/beans http://www.springframework.org/schema/beans/spring-beans-4.0.xsd
		http://www.springframework.org/schema/context http://www.springframework.org/schema/context/spring-context-4.0.xsd
		http://www.springframework.org/schema/util http://www.springframework.org/schema/util/spring-util-4.0.xsd">
		
	<context:annotation-config/>
	
	<context:component-scan base-package="be.seriousbusiness.brusselnieuws.rss.reader"/>
			
	<context:property-placeholder location="classpath:properties/test-brusselnieuws-rss-reader-configuration.properties" ignore-unresolvable="true"/>
	
	<import resource="classpath:config/test-brusselnieuws-rss-datastore-mongodb-config.xml"/> <!-- brusselnieuws-rss-datastore-mongodb -->
	
	<import resource="classpath:config/test-brussel-rss-reader-model-dozer-config.xml"/> <!-- brusselnieuws-rss-reader-model -->
		
	<bean id="brusselNieuwsRssReaderImpl" 
		  class="be.seriousbusiness.brusselnieuws.rss.reader.reader.impl.BrusselNieuwsRssReaderImpl"
		  scope="singleton"/>
		  
	<bean id="feedImplFactory" 
		  class="be.seriousbusiness.brusselnieuws.rss.reader.model.factory.impl.FeedImplFactory"
		  scope="singleton"/>
		  
	<bean id="feedManagerImpl"
	      class="be.seriousbusiness.brusselnieuws.rss.reader.model.manager.impl.FeedManagerImpl"
	      scope="singleton">
	      <property name="feedDAO" ref="mongoFeedDAO"></property>
	</bean>
		
	<bean id="brusselNieuwsRss" class="be.seriousbusiness.brusselnieuws.rss.reader.BrusselNieuwsRss">
		<property name="brusselNieuwsRssReader" ref="brusselNieuwsRssReaderImpl"/>
		<property name="feedFactory" ref="feedImplFactory"/>
		<property name="feedManager" ref="feedManagerImpl"/>
		<!-- NEWS -->
		<property name="awelMerciNewsURL">
			<bean id="url" class="java.net.URL">
				<constructor-arg value="${rss.news.awel_merci}"/>
			</bean>
		</property>
		<property name="childrensNewsURL">
			<bean id="url" class="java.net.URL">
				<constructor-arg value="${rss.news.children}"/>
			</bean>
		</property>
		<property name="economicalNewsURL">
			<bean id="url" class="java.net.URL">
				<constructor-arg value="${rss.news.economy}"/>
			</bean>
		</property>
		<property name="newsHeadlinesURL">
			<bean id="url" class="java.net.URL">
				<constructor-arg value="${rss.news.main}"/>
			</bean>
		</property>
		<property name="newsSurveyURL">
			<bean id="url" class="java.net.URL">
				<constructor-arg value="${rss.news.survey}"/>
			</bean>
		</property>
		<property name="politicalNewsURL">
			<bean id="url" class="java.net.URL">
				<constructor-arg value="${rss.news.politics}"/>
			</bean>
		</property>
		<property name="societyNewsURL">
			<bean id="url" class="java.net.URL">
				<constructor-arg value="${rss.news.society}"/>
			</bean>
		</property>
		<property name="sportsNewsURL">
			<bean id="url" class="java.net.URL">
				<constructor-arg value="${rss.news.sport}"/>
			</bean>
		</property>
		<property name="cityNewsURL">
			<bean id="url" class="java.net.URL">
				<constructor-arg value="${rss.news.city}"/>
			</bean>
		</property>
		<property name="peopleNewsURL">
			<bean id="url" class="java.net.URL">
				<constructor-arg value="${rss.news.people}"/>
			</bean>
		</property>
		<!-- CULTURE -->
		<property name="cultureSurveyURL">
			<bean id="url" class="java.net.URL">
				<constructor-arg value="${rss.culture.survey}"/>
			</bean>
		</property>
		<property name="generalCultureNewsURL">
			<bean id="url" class="java.net.URL">
				<constructor-arg value="${rss.culture.general}"/>
			</bean>
		</property>
		<property name="expoNewsURL">
			<bean id="url" class="java.net.URL">
				<constructor-arg value="${rss.culture.expo}"/>
			</bean>
		</property>
		<property name="musicalNewsURL">
			<bean id="url" class="java.net.URL">
				<constructor-arg value="${rss.culture.music}"/>
			</bean>
		</property>
		<property name="filmNewsURL">
			<bean id="url" class="java.net.URL">
				<constructor-arg value="${rss.culture.film}"/>
			</bean>
		</property>
		<property name="stageNewsURL">
			<bean id="url" class="java.net.URL">
				<constructor-arg value="${rss.culture.stage}"/>
			</bean>
		</property>
		<property name="eventNewsURL">
			<bean id="url" class="java.net.URL">
				<constructor-arg value="${rss.culture.event}"/>
			</bean>
		</property>
		<property name="shoppingNewsURL">
			<bean id="url" class="java.net.URL">
				<constructor-arg value="${rss.culture.shopping}"/>
			</bean>
		</property>
		<!-- FOOD & DRINKS -->
		<property name="foodAndDrinksSurveyURL">
			<bean id="url" class="java.net.URL">
				<constructor-arg value="${rss.food_and_drinks.survey}"/>
			</bean>
		</property>
		<property name="generalFoodAndDrinksNewsURL">
			<bean id="url" class="java.net.URL">
				<constructor-arg value="${rss.food_and_drinks.general}"/>
			</bean>
		</property>
		<property name="culinaryNewsURL">
			<bean id="url" class="java.net.URL">
				<constructor-arg value="${rss.food_and_drinks.culinary}"/>
			</bean>
		</property>
		<property name="barNewsURL">
			<bean id="url" class="java.net.URL">
				<constructor-arg value="${rss.food_and_drinks.bars}"/>
			</bean>
		</property>
		<property name="restaurantNewsURL">
			<bean id="url" class="java.net.URL">
				<constructor-arg value="${rss.food_and_drinks.restaurants}"/>
			</bean>
		</property>
		<!-- OPINION -->
		<property name="opinionSurveyURL">
			<bean id="url" class="java.net.URL">
				<constructor-arg value="${rss.opinion.survey}"/>
			</bean>
		</property>
		<!-- MUNICIPALITIES -->
		<property name="anderlechtNewsURL">
			<bean id="url" class="java.net.URL">
				<constructor-arg value="${rss.municipality.anderlecht}"/>
			</bean>
		</property>
		<property name="brusselNewsURL">
			<bean id="url" class="java.net.URL">
				<constructor-arg value="${rss.municipality.brussel}"/>
			</bean>
		</property>
		<property name="elseneNewsURL">
			<bean id="url" class="java.net.URL">
				<constructor-arg value="${rss.municipality.elsene}"/>
			</bean>
		</property>
		<property name="etterbeekNewsURL">
			<bean id="url" class="java.net.URL">
				<constructor-arg value="${rss.municipality.etterbeek}"/>
			</bean>
		</property>
		<property name="evereNewsURL">
			<bean id="url" class="java.net.URL">
				<constructor-arg value="${rss.municipality.evere}"/>
			</bean>
		</property>
		<property name="ganshorenNewsURL">
			<bean id="url" class="java.net.URL">
				<constructor-arg value="${rss.municipality.ganshoren}"/>
			</bean>
		</property>
		<property name="harenNewsURL">
			<bean id="url" class="java.net.URL">
				<constructor-arg value="${rss.municipality.haren}"/>
			</bean>
		</property>
		<property name="jetteNewsURL">
			<bean id="url" class="java.net.URL">
				<constructor-arg value="${rss.municipality.jette}"/>
			</bean>
		</property>
		<property name="koekelbergNewsURL">
			<bean id="url" class="java.net.URL">
				<constructor-arg value="${rss.municipality.koekelberg}"/>
			</bean>
		</property>
		<property name="lakenNewsURL">
			<bean id="url" class="java.net.URL">
				<constructor-arg value="${rss.municipality.laken}"/>
			</bean>
		</property>
		<property name="nederOverHeembeekNewsURL">
			<bean id="url" class="java.net.URL">
				<constructor-arg value="${rss.municipality.neder-over-heembeek}"/>
			</bean>
		</property>
		<property name="oudergemNewsURL">
			<bean id="url" class="java.net.URL">
				<constructor-arg value="${rss.municipality.oudergem}"/>
			</bean>
		</property>
		<property name="schaarbeekNewsURL">
			<bean id="url" class="java.net.URL">
				<constructor-arg value="${rss.municipality.schaarbeek}"/>
			</bean>
		</property>
		<property name="sintAgathaBerchemNewsURL">
			<bean id="url" class="java.net.URL">
				<constructor-arg value="${rss.municipality.sint-agatha-berchem}"/>
			</bean>
		</property>
		<property name="sintGillisNewsURL">
			<bean id="url" class="java.net.URL">
				<constructor-arg value="${rss.municipality.sint-gillis}"/>
			</bean>
		</property>
		<property name="sintJansMolenbeekNewsURL">
			<bean id="url" class="java.net.URL">
				<constructor-arg value="${rss.municipality.sint-jans-molenbeek}"/>
			</bean>
		</property>
		<property name="sintJoostTenNodeNewsURL">
			<bean id="url" class="java.net.URL">
				<constructor-arg value="${rss.municipality.sint-joost-ten-node}"/>
			</bean>
		</property>
		<property name="sintLambrechtsWoluweNewsURL">
			<bean id="url" class="java.net.URL">
				<constructor-arg value="${rss.municipality.sint-lambrechts-woluwe}"/>
			</bean>
		</property>
		<property name="sintPietersWoluweNewsURL">
			<bean id="url" class="java.net.URL">
				<constructor-arg value="${rss.municipality.sint-pieters-woluwe}"/>
			</bean>
		</property>
		<property name="ukkelNewsURL">
			<bean id="url" class="java.net.URL">
				<constructor-arg value="${rss.municipality.ukkel}"/>
			</bean>
		</property>
		<property name="vorstNewsURL">
			<bean id="url" class="java.net.URL">
				<constructor-arg value="${rss.municipality.vorst}"/>
			</bean>
		</property>
		<property name="watermaalBosvoordeNewsURL">
			<bean id="url" class="java.net.URL">
				<constructor-arg value="${rss.municipality.watermaal-bosvoorde}"/>
			</bean>
		</property>
	</bean>
	
	<!-- MUNICIPALITIES -->
	<!-- 
	<util:map id="municipalitiesReadersMap" 
	key-type="be.seriousbusiness.brusselnieuws.rss.model.Municipality" 
	value-type="be.seriousbusiness.brusselnieuws.rss.reader.RssReader" 
	map-class="java.util.HashMap">
		<entry key="ANDERLECHT" value-ref="municipalityAnderlechtRssReader" />
	    <entry key="ANDERLECHT" value-ref="municipalityAnderlechtRssReader" />
		<entry key="BRUSSEL_STAD" value-ref="municipalityBrusselRssReader" />
		<entry key="ELSENE" value-ref="municipalityElseneRssReader" />
		<entry key="ETTERBEEK" value-ref="municipalityEtterbeekRssReader" />
		<entry key="EVERE" value-ref="municipalityEvereRssReader" />
		<entry key="GANSHOREN" value-ref="municipalityGanshorenRssReader" />
		<entry key="HAREN" value-ref="municipalityHarenRssReader" />
		<entry key="JETTE" value-ref="municipalityJetteRssReader" />
		<entry key="KOEKELBERG" value-ref="municipalityKoekelbergRssReader" />
		<entry key="LAKEN" value-ref="municipalityLakenRssReader" />
		<entry key="NEDER_OVER_HEEMBEEK" value-ref="municipalityNederOverHeembeekRssReader" />
		<entry key="OUDERGEM" value-ref="municipalityOudergemRssReader" />
		<entry key="SCHAARBEEK" value-ref="municipalitySchaarbeekRssReader" />
		<entry key="SINT_AGATHA_BERCHEM" value-ref="municipalitySintAgathaBerchemRssReader" />
		<entry key="SINT_GILLIS" value-ref="municipalitySintGillisRssReader" />
		<entry key="SING_JANS_MOLENBEEK" value-ref="municipalitySintJansMolenbeekRssReader" />
		<entry key="SINT_JOOST_TEN_NODE" value-ref="municipalitySintJoostTenNodeRssReader" />
		<entry key="SINT_LAMBRECHTS_WOLUWE" value-ref="municipalitySintLambrechtsWoluweRssReader" />
		<entry key="SINT_PIETERS_WOLUWE" value-ref="municipalitySintPietersWoluweRssReader" />
		<entry key="UKKEL" value-ref="municipalityUkkelRssReader" />
		<entry key="VORST" value-ref="municipalityVorstRssReader" />
		<entry key="WATERMAAL_BOSVOORDE" value-ref="municipalityWatermaalBosvoordeRssReader" />
	</util:map>
	-->

</beans>
