<?xml version="1.0" encoding="UTF-8"?>
<beans xmlns="http://www.springframework.org/schema/beans"
	xmlns:xsi="http://www.w3.org/2001/XMLSchema-instance"
	xmlns:mongo="http://www.springframework.org/schema/data/mongo"
	xmlns:context="http://www.springframework.org/schema/context"
	xsi:schemaLocation="http://www.springframework.org/schema/beans http://www.springframework.org/schema/beans/spring-beans.xsd
		http://www.springframework.org/schema/context http://www.springframework.org/schema/context/spring-context-3.2.xsd
		http://www.springframework.org/schema/data/mongo http://www.springframework.org/schema/data/mongo/spring-mongo-1.5.xsd">
	
	<!-- General configuration -->
	
	<context:component-scan base-package="be.seriousbusiness.brusselnieuws.rss.datastore.mongodb"/>

	<!-- Mongo configuration -->
	
	<context:property-placeholder location="classpath:properties/test-brusselnieuws-rss-datastore-mongodb-mongo.properties" ignore-unresolvable="true"/>
	
	<import resource="classpath:config/test-brusselnieuws-rss-datastore-mongodb-dozer-config.xml"/>
	<import resource="classpath:config/test-brusselnieuws-rss-datastore-mongodb-flapdoodle-config.xml"/> <!-- contains 'embeddedMongoDbFactory' -->
  	 
	<mongo:db-factory id="mongoDbFactory" 
		mongo-ref="embeddedMongoDbFactory"
		host="${mongo.host}"
		port="${mongo.port}" 
		dbname="${mongo.dbname}"/>
  		
  	<bean id="mongoTemplate" class="org.springframework.data.mongodb.core.MongoTemplate"> 
		<constructor-arg name="mongoDbFactory" ref="mongoDbFactory"/>
		<property name="writeResultChecking" value="LOG"/>
	</bean>
	
	<!-- Repository configuration -->
	
	<mongo:repositories base-package="be.seriousbusiness.brusselnieuws.rss.datastore.mongodb.repository" />
	
	<!-- DAO configuration -->
	
	<bean id="mongoMediumTypeDAO" class="be.seriousbusiness.brusselnieuws.rss.datastore.mongodb.controller.MongoMediumTypeDAO" scope="singleton"/>
	<bean id="mongoMediumDAO" class="be.seriousbusiness.brusselnieuws.rss.datastore.mongodb.controller.MongoMediumDAO" scope="singleton"/>
	<bean id="mongoAuthorDAO" class="be.seriousbusiness.brusselnieuws.rss.datastore.mongodb.controller.MongoAuthorDAO" scope="singleton"/>
	<bean id="mongoCategoryDAO" class="be.seriousbusiness.brusselnieuws.rss.datastore.mongodb.controller.MongoCategoryDAO" scope="singleton"/>
	<bean id="mongoArticleDAO" class="be.seriousbusiness.brusselnieuws.rss.datastore.mongodb.controller.MongoArticleDAO" scope="singleton"/>
	<bean id="mongoFeedDAO" class="be.seriousbusiness.brusselnieuws.rss.datastore.mongodb.controller.MongoFeedDAO" scope="singleton"/>

</beans>
