<?xml version="1.0" encoding="UTF-8"?>
<beans xmlns="http://www.springframework.org/schema/beans"
	xmlns:xsi="http://www.w3.org/2001/XMLSchema-instance"
	xmlns:mongo="http://www.springframework.org/schema/data/mongo"
	xmlns:context="http://www.springframework.org/schema/context"
	xsi:schemaLocation="http://www.springframework.org/schema/beans http://www.springframework.org/schema/beans/spring-beans.xsd
		http://www.springframework.org/schema/context http://www.springframework.org/schema/context/spring-context-3.2.xsd
		http://www.springframework.org/schema/data/mongo http://www.springframework.org/schema/data/mongo/spring-mongo-1.5.xsd">
	
	<import resource="classpath:config/test-dozer-config.xml"/>
	<import resource="classpath:config/test-flapdoodle-config.xml"/>

	<context:property-placeholder location="classpath:properties/test-mongo.properties" ignore-unresolvable="true"/>
	
	<context:component-scan base-package="be.seriousbusiness.brusselnieuws.rss.datastore.mongodb"/>

	<mongo:repositories base-package="be.seriousbusiness.brusselnieuws.rss.datastore.mongodb.repository" />
	
	<!-- 
	<mongo:mongo host="${mongo.host}" port="${mongo.port}"> 
		<mongo:options connections-per-host="${mongo.connectionsPerHost}"
			threads-allowed-to-block-for-connection-multiplier="${mongo.threadsAllowedToBlockForConnectionMultiplier}" 
			connect-timeout="${mongo.connectTimeout}"
			max-wait-time="${mongo.maxWaitTime}"
			auto-connect-retry="${mongo.autoConnectRetry}"
			socket-keep-alive="${mongo.socketKeepAlive}"
			socket-timeout="${mongo.socketTimeout}"
			slave-ok="${mongo.slaveOk}" 
			write-number="1" 
			write-timeout="0" 
			write-fsync="true"/>
  	</mongo:mongo>
  	-->
  	<!-- 
  	<mongo:db-factory id="mongoDbFactory" 
  		mongo-ref="embeddedMongoDbFactory"
  		host="${mongo.host}"
  		port="${mongo.port}" 
  		dbname="${mongo.dbname}" 
  		username="${mongo.username}" 
  		password="${mongo.password}"/>
  	 -->
  	 
  	 <mongo:db-factory id="mongoDbFactory" 
  		mongo-ref="embeddedMongoDbFactory"
  		host="${mongo.host}"
  		port="${mongo.port}" 
  		dbname="${mongo.dbname}"/>
  		
  	<bean id="mongoTemplate" class="org.springframework.data.mongodb.core.MongoTemplate"> 
		<constructor-arg name="mongoDbFactory" ref="mongoDbFactory"/>
		<property name="writeResultChecking" value="LOG"/>
	</bean>
	
	<bean id="mongoMediumTypeDAO" class="be.seriousbusiness.brusselnieuws.rss.datastore.mongodb.controller.MongoMediumTypeDAO" scope="singleton"/>
	<bean id="mongoMediumDAO" class="be.seriousbusiness.brusselnieuws.rss.datastore.mongodb.controller.MongoMediumDAO" scope="singleton"/>
	<bean id="mongoAuthorDAO" class="be.seriousbusiness.brusselnieuws.rss.datastore.mongodb.controller.MongoAuthorDAO" scope="singleton"/>
	<bean id="mongoCategoryDAO" class="be.seriousbusiness.brusselnieuws.rss.datastore.mongodb.controller.MongoCategoryDAO" scope="singleton"/>
	<bean id="mongoArticleDAO" class="be.seriousbusiness.brusselnieuws.rss.datastore.mongodb.controller.MongoArticleDAO" scope="singleton"/>
	<bean id="mongoFeedDAO" class="be.seriousbusiness.brusselnieuws.rss.datastore.mongodb.controller.MongoFeedDAO" scope="singleton"/>

</beans>
