<?xml version="1.0" encoding="UTF-8"?>
<beans xmlns="http://www.springframework.org/schema/beans"
	xmlns:xsi="http://www.w3.org/2001/XMLSchema-instance"
	xmlns:p="http://www.springframework.org/schema/p"
	xmlns:context="http://www.springframework.org/schema/context"
	xsi:schemaLocation="http://www.springframework.org/schema/beans http://www.springframework.org/schema/beans/spring-beans.xsd
			http://www.springframework.org/schema/context http://www.springframework.org/schema/context/spring-context-3.2.xsd">
	
	<context:property-placeholder location="classpath:properties/test-mongod.properties" ignore-unresolvable="true"/>
	
	<!-- Spring Factory Bean for EmbedMongo -->
	<!-- https://github.com/jirutka/embedmongo-spring -->
		
	<bean id="embeddedMongoDbFactory" class="cz.jirutka.spring.embedmongo.EmbeddedMongoFactoryBean"
      p:version="${mongod.version}"
      p:bindIp="${mongod.bindIp}"
      p:port="${mongod.port}" />

</beans>
